2025-08-03 20:51:40,484 p=40045 u=chris n=ansible ERROR| ERROR! this task 'import_playbook' has extra params, which is only allowed in the following modules: include_vars, win_shell, shell, import_tasks, script, command, include_role, import_role, include_tasks, meta, set_fact, group_by, add_host, win_command, raw

The error appears to be in '/home/chris/Repos/homelab/luma-homeops/router/ansible/site.yml': line 38, column 7, but may
be elsewhere in the file depending on the exact syntax problem.

The offending line appears to be:

  tasks:
    - name: Configure system settings
      ^ here

2025-08-03 20:52:14,876 p=40226 u=chris n=ansible ERROR| ERROR! this task 'import_playbook' has extra params, which is only allowed in the following modules: include_vars, win_shell, shell, import_tasks, script, command, include_role, import_role, include_tasks, meta, set_fact, group_by, add_host, win_command, raw

The error appears to be in '/home/chris/Repos/homelab/luma-homeops/router/ansible/site.yml': line 38, column 7, but may
be elsewhere in the file depending on the exact syntax problem.

The offending line appears to be:

  tasks:
    - name: Configure system settings
      ^ here

2025-08-03 20:53:42,880 p=41863 u=chris n=ansible ERROR| ERROR! 'vyos.vyos.vyos_config' is not a valid attribute for a Play

The error appears to be in '/home/chris/Repos/homelab/luma-homeops/router/ansible/playbooks/monitoring.yml': line 4, column 7, but may
be elsewhere in the file depending on the exact syntax problem.

The offending line appears to be:

# Deploys syslog collection for Kubernetes cluster logs
    - name: Configure syslog to receive remote logs
      ^ here

